INFO:     Will watch for changes in these directories: ['d:\\new Folder of D\\new desktop file\\tomato disease detection\\tomato disease detection\\tomato-disease-detection\\apis\\local']
INFO:     Uvicorn running on http://0.0.0.0:8000 (Press CTRL+C to quit)
INFO:     Started reloader process [4800] using StatReload
2026-01-22 10:00:10.239059: I tensorflow/core/util/port.cc:153] oneDNN custom operations are on. You may see slightly different numerical results due to floating-point round-off errors from different computation orders. To turn them off, set the environment variable `TF_ENABLE_ONEDNN_OPTS=0`.
C:\Users\dk2ya\AppData\Local\Programs\Python\Python312\Lib\site-packages\keras\src\export\tf2onnx_lib.py:8: FutureWarning: In the future `np.object` will be defined as the corresponding NumPy scalar.
  if not hasattr(np, "object"):
C:\Users\dk2ya\AppData\Local\Programs\Python\Python312\Lib\site-packages\keras\src\layers\convolutional\base_conv.py:113: UserWarning: Do not pass an `input_shape`/`input_dim` argument to a layer. When using Sequential models, prefer using an `Input(shape)` object as the first layer in the model instead.
  super().__init__(activity_regularizer=activity_regularizer, **kwargs)
2026-01-22 10:00:40.822637: I tensorflow/core/platform/cpu_feature_guard.cc:210] This TensorFlow binary is optimized to use available CPU instructions in performance-critical operations.
To enable the following instructions: SSE3 SSE4.1 SSE4.2 AVX AVX2 FMA, in other operations, rebuild TensorFlow with the appropriate compiler flags.
C:\Users\dk2ya\AppData\Local\Programs\Python\Python312\Lib\site-packages\keras\src\optimizers\base_optimizer.py:86: UserWarning: Argument `decay` is no longer supported and will be ignored.
  warnings.warn(
Process SpawnProcess-1:
Traceback (most recent call last):
  File "C:\Users\dk2ya\AppData\Local\Programs\Python\Python312\Lib\multiprocessing\process.py", line 314, in _bootstrap
    self.run()
  File "C:\Users\dk2ya\AppData\Local\Programs\Python\Python312\Lib\multiprocessing\process.py", line 108, in run
    self._target(*self._args, **self._kwargs)
  File "C:\Users\dk2ya\AppData\Local\Programs\Python\Python312\Lib\site-packages\uvicorn\_subprocess.py", line 80, in subprocess_started
    target(sockets=sockets)
  File "C:\Users\dk2ya\AppData\Local\Programs\Python\Python312\Lib\site-packages\uvicorn\server.py", line 67, in run
    return asyncio_run(self.serve(sockets=sockets), loop_factory=self.config.get_loop_factory())
           ^^^^^^^^^^^^^^^^^^^^^^^^^^^^^^^^^^^^^^^^^^^^^^^^^^^^^^^^^^^^^^^^^^^^^^^^^^^^^^^^^^^^^
  File "C:\Users\dk2ya\AppData\Local\Programs\Python\Python312\Lib\asyncio\runners.py", line 194, in run
    return runner.run(main)
           ^^^^^^^^^^^^^^^^
  File "C:\Users\dk2ya\AppData\Local\Programs\Python\Python312\Lib\asyncio\runners.py", line 118, in run
    return self._loop.run_until_complete(task)
           ^^^^^^^^^^^^^^^^^^^^^^^^^^^^^^^^^^^
  File "C:\Users\dk2ya\AppData\Local\Programs\Python\Python312\Lib\asyncio\base_events.py", line 686, in run_until_complete
    return future.result()
           ^^^^^^^^^^^^^^^
  File "C:\Users\dk2ya\AppData\Local\Programs\Python\Python312\Lib\site-packages\uvicorn\server.py", line 71, in serve
    await self._serve(sockets)
  File "C:\Users\dk2ya\AppData\Local\Programs\Python\Python312\Lib\site-packages\uvicorn\server.py", line 78, in _serve
    config.load()
  File "C:\Users\dk2ya\AppData\Local\Programs\Python\Python312\Lib\site-packages\uvicorn\config.py", line 439, in load
    self.loaded_app = import_from_string(self.app)
                      ^^^^^^^^^^^^^^^^^^^^^^^^^^^^
  File "C:\Users\dk2ya\AppData\Local\Programs\Python\Python312\Lib\site-packages\uvicorn\importer.py", line 19, in import_from_string
    module = importlib.import_module(module_str)
             ^^^^^^^^^^^^^^^^^^^^^^^^^^^^^^^^^^^
  File "C:\Users\dk2ya\AppData\Local\Programs\Python\Python312\Lib\importlib\__init__.py", line 90, in import_module
    return _bootstrap._gcd_import(name[level:], package, level)
           ^^^^^^^^^^^^^^^^^^^^^^^^^^^^^^^^^^^^^^^^^^^^^^^^^^^^
  File "<frozen importlib._bootstrap>", line 1387, in _gcd_import
  File "<frozen importlib._bootstrap>", line 1360, in _find_and_load
  File "<frozen importlib._bootstrap>", line 1331, in _find_and_load_unlocked
  File "<frozen importlib._bootstrap>", line 935, in _load_unlocked
  File "<frozen importlib._bootstrap_external>", line 999, in exec_module
  File "<frozen importlib._bootstrap>", line 488, in _call_with_frames_removed
  File "d:\new Folder of D\new desktop file\tomato disease detection\tomato disease detection\tomato-disease-detection\apis\local\main.py", line 27, in <module>
    MODEL = tf.keras.models.load_model("../../models/tomato-disease-detection-model.h5")
            ^^^^^^^^^^^^^^^^^^^^^^^^^^^^^^^^^^^^^^^^^^^^^^^^^^^^^^^^^^^^^^^^^^^^^^^^^^^^
  File "C:\Users\dk2ya\AppData\Local\Programs\Python\Python312\Lib\site-packages\keras\src\saving\saving_api.py", line 196, in load_model
    return legacy_h5_format.load_model_from_hdf5(
           ^^^^^^^^^^^^^^^^^^^^^^^^^^^^^^^^^^^^^^
  File "C:\Users\dk2ya\AppData\Local\Programs\Python\Python312\Lib\site-packages\keras\src\legacy\saving\legacy_h5_format.py", line 159, in load_model_from_hdf5
    **saving_utils.compile_args_from_training_config(
      ^^^^^^^^^^^^^^^^^^^^^^^^^^^^^^^^^^^^^^^^^^^^^^^
  File "C:\Users\dk2ya\AppData\Local\Programs\Python\Python312\Lib\site-packages\keras\src\legacy\saving\saving_utils.py", line 143, in compile_args_from_training_config
    loss = _deserialize_nested_config(losses.deserialize, loss_config)
           ^^^^^^^^^^^^^^^^^^^^^^^^^^^^^^^^^^^^^^^^^^^^^^^^^^^^^^^^^^^
  File "C:\Users\dk2ya\AppData\Local\Programs\Python\Python312\Lib\site-packages\keras\src\legacy\saving\saving_utils.py", line 202, in _deserialize_nested_config
    return deserialize_fn(config)
           ^^^^^^^^^^^^^^^^^^^^^^
  File "C:\Users\dk2ya\AppData\Local\Programs\Python\Python312\Lib\site-packages\keras\src\losses\__init__.py", line 155, in deserialize
    return serialization_lib.deserialize_keras_object(
           ^^^^^^^^^^^^^^^^^^^^^^^^^^^^^^^^^^^^^^^^^^^
  File "C:\Users\dk2ya\AppData\Local\Programs\Python\Python312\Lib\site-packages\keras\src\saving\serialization_lib.py", line 596, in deserialize_keras_object
    return deserialize_keras_object(
           ^^^^^^^^^^^^^^^^^^^^^^^^^
  File "C:\Users\dk2ya\AppData\Local\Programs\Python\Python312\Lib\site-packages\keras\src\saving\serialization_lib.py", line 733, in deserialize_keras_object
    instance = cls.from_config(inner_config)
               ^^^^^^^^^^^^^^^^^^^^^^^^^^^^^
  File "C:\Users\dk2ya\AppData\Local\Programs\Python\Python312\Lib\site-packages\keras\src\losses\losses.py", line 45, in from_config
    return cls(**config)
           ^^^^^^^^^^^^^
  File "C:\Users\dk2ya\AppData\Local\Programs\Python\Python312\Lib\site-packages\keras\src\losses\losses.py", line 1226, in __init__
    super().__init__(
  File "C:\Users\dk2ya\AppData\Local\Programs\Python\Python312\Lib\site-packages\keras\src\losses\losses.py", line 23, in __init__
    super().__init__(name=name, reduction=reduction, dtype=dtype)
  File "C:\Users\dk2ya\AppData\Local\Programs\Python\Python312\Lib\site-packages\keras\src\losses\loss.py", line 48, in __init__
    self.reduction = standardize_reduction(reduction)
                     ^^^^^^^^^^^^^^^^^^^^^^^^^^^^^^^^
  File "C:\Users\dk2ya\AppData\Local\Programs\Python\Python312\Lib\site-packages\keras\src\losses\loss.py", line 111, in standardize_reduction
    raise ValueError(
ValueError: Invalid value for argument `reduction`. Expected one of {None, 'sum', 'mean_with_sample_weight', 'none', 'sum_over_batch_size', 'mean'}. Received: reduction=auto
WARNING:  StatReload detected changes in 'main.py'. Reloading...
 2026-01-22 10:05:31.370365: I tensorflow/core/util/port.cc:153] oneDNN custom operations are on. You may see slightly different numerical results due to floating-point round-off errors from different computation orders. To turn them off, set the environment variable `TF_ENABLE_ONEDNN_OPTS=0`.
C:\Users\dk2ya\AppData\Local\Programs\Python\Python312\Lib\site-packages\keras\src\export\tf2onnx_lib.py:8: FutureWarning: In the future `np.object` will be defined as the corresponding NumPy scalar.
  if not hasattr(np, "object"):
C:\Users\dk2ya\AppData\Local\Programs\Python\Python312\Lib\site-packages\keras\src\layers\convolutional\base_conv.py:113: UserWarning: Do not pass an `input_shape`/`input_dim` argument to a layer. When using Sequential models, prefer using an `Input(shape)` object as the first layer in the model instead.
  super().__init__(activity_regularizer=activity_regularizer, **kwargs)
2026-01-22 10:05:40.260694: I tensorflow/core/platform/cpu_feature_guard.cc:210] This TensorFlow binary is optimized to use available CPU instructions in performance-critical operations.
To enable the following instructions: SSE3 SSE4.1 SSE4.2 AVX AVX2 FMA, in other operations, rebuild TensorFlow with the appropriate compiler flags.
INFO:     Started server process [12692]
INFO:     Waiting for application startup.
INFO:     Application startup complete.

[1m1/1[0m [32m====================[0m[37m[0m [1m0s[0m 294ms/step
[1m1/1[0m [32m====================[0m[37m[0m [1m0s[0m 312ms/step
INFO:     127.0.0.1:51785 - "POST /predict HTTP/1.1" 200 OK

[1m1/1[0m [32m====================[0m[37m[0m [1m0s[0m 146ms/step
[1m1/1[0m [32m====================[0m[37m[0m [1m0s[0m 163ms/step
INFO:     127.0.0.1:63272 - "POST /predict HTTP/1.1" 200 OK
INFO:     127.0.0.1:58125 - "GET /ping HTTP/1.1" 200 OK
INFO:     127.0.0.1:58125 - "GET /favicon.ico HTTP/1.1" 404 Not Found

[1m1/1[0m [32m====================[0m[37m[0m [1m0s[0m 108ms/step
[1m1/1[0m [32m====================[0m[37m[0m [1m0s[0m 139ms/step
INFO:     127.0.0.1:62093 - "POST /predict HTTP/1.1" 200 OK
